<?xml version="1.0" encoding="UTF-8"?>
<!-- Generated by org.testng.reporters.JUnitXMLReporter -->
<testsuite ignored="0" hostname="Khaja-Mohinuddin" failures="0" tests="6" name="Test" time="0.093" errors="0" timestamp="2024-03-21T15:43:53 IST">
  <testcase classname="ParallelTestingUsingTestNG.tests.Class2" name="method4" time="0.016"/>
  <testcase classname="ParallelTestingUsingTestNG.tests.Class1" name="method1" time="0.016"/>
  <testcase classname="ParallelTestingUsingTestNG.tests.Class2" name="method5" time="0.003"/>
  <testcase classname="ParallelTestingUsingTestNG.tests.Class1" name="method2" time="0.004"/>
  <testcase classname="ParallelTestingUsingTestNG.tests.Class3" name="method6" time="0.003"/>
  <testcase classname="ParallelTestingUsingTestNG.tests.Class1" name="method3" time="0.005"/>
</testsuite> <!-- Test -->
