<?xml version="1.0" encoding="UTF-8"?>
<testng-results ignored="0" total="1" passed="1" failed="0" skipped="0">
  <reporter-output>
  </reporter-output>
  <suite started-at="2024-08-03T16:26:58 IST" name="Default suite" finished-at="2024-08-03T16:28:04 IST" duration-ms="66145">
    <groups>
    </groups>
    <test started-at="2024-08-03T16:26:58 IST" name="Default test" finished-at="2024-08-03T16:28:04 IST" duration-ms="66145">
      <class name="com.automation.DataProvider.LoginPractice">
        <test-method signature="login(java.lang.String,java.lang.String)[pri:0, instance:com.automation.DataProvider.LoginPractice@4802796d]" started-at="2024-08-03T16:26:59 IST" name="login" data-provider="dataProviderName" finished-at="2024-08-03T16:28:04 IST" duration-ms="65062" status="PASS">
          <params>
            <param index="0">
              <value>
                <![CDATA[Admin]]>
              </value>
            </param>
            <param index="1">
              <value>
                <![CDATA[admin123]]>
              </value>
            </param>
          </params>
          <reporter-output>
          </reporter-output>
        </test-method> <!-- login -->
      </class> <!-- com.automation.DataProvider.LoginPractice -->
    </test> <!-- Default test -->
  </suite> <!-- Default suite -->
</testng-results>
